[2025-07-06 20:28:52,515][__main__][INFO] - Adding /home/ghr/Projects/yktang/droid/droid/fairo/polymetis/polymetis/build to $PATH
[2025-07-06 20:28:52,515][__main__][INFO] - Starting server
[2025-07-06 20:28:52,515][__main__][INFO] - Acquiring sudo...
[2025-07-06 20:28:52,836][__main__][INFO] - Starting robot client...
[2025-07-06 20:28:53,012][polymetis.robot_client.executable_robot_client][INFO] - === Config: ===
robot_ip: 172.16.0.2
control_ip: 0.0.0.0
control_port: 50051
readonly: false
mock: false
use_real_time: true
hz: 1000
num_dofs: 7
exec: franka_panda_client
robot_client_metadata_path: /tmp/tmpaea_z1dg
limit_rate: true
lpf_cutoff_frequency: 100
limits:
  cartesian_pos_upper:
  - 1.0
  - 1.0
  - 1.0
  cartesian_pos_lower:
  - -1.0
  - -1.0
  - -1.0
  joint_pos_upper:
  - 2.65
  - 1.68
  - 2.8
  - -0.16
  - 2.7
  - 4.4
  - 2.9
  joint_pos_lower:
  - -2.65
  - -1.68
  - -2.8
  - -2.95
  - -2.7
  - 0.45
  - -2.9
  joint_vel:
  - 2.075
  - 2.075
  - 2.075
  - 2.075
  - 2.51
  - 2.51
  - 2.51
  elbow_vel: 2.075
  joint_torques:
  - 86.0
  - 86.0
  - 86.0
  - 86.0
  - 11.5
  - 11.5
  - 11.5
collision_behavior:
  lower_torque:
  - 40.0
  - 40.0
  - 40.0
  - 40.0
  - 40.0
  - 40.0
  - 40.0
  upper_torque:
  - 40.0
  - 40.0
  - 40.0
  - 40.0
  - 40.0
  - 40.0
  - 40.0
  lower_force:
  - 40.0
  - 40.0
  - 40.0
  - 40.0
  - 40.0
  - 40.0
  upper_force:
  - 40.0
  - 40.0
  - 40.0
  - 40.0
  - 40.0
  - 40.0
safety_controller:
  is_active: true
  margins:
    cartesian_pos: 0.05
    joint_pos: 0.2
    joint_vel: 0.5
  stiffness:
    cartesian_pos: 200.0
    joint_pos: 50.0
    joint_vel: 20.0

[2025-07-06 20:28:53,012][polymetis.robot_client.executable_robot_client][INFO] - === Executing client at /home/ghr/Projects/yktang/droid/droid/fairo/polymetis/polymetis/build/franka_panda_client ===
[2025-07-06 20:28:56,975][__main__][INFO] - Using sudo to kill subprocess with pid 48034, pgid 48034...
